<?xml version="1.0" encoding="UTF-8"?>
<testsuite name="domain.ATMTest" tests="4" skipped="0" failures="0" errors="0" timestamp="2022-01-23T10:53:16" hostname="Yeongins-MacBook-Air.local" time="0.012">
  <properties/>
  <testcase name="isCardIn()" classname="domain.ATMTest" time="0.01"/>
  <testcase name="getId()" classname="domain.ATMTest" time="0.0"/>
  <testcase name="cardInserted()" classname="domain.ATMTest" time="0.0"/>
  <testcase name="getConsole()" classname="domain.ATMTest" time="0.001"/>
  <system-out><![CDATA[]]></system-out>
  <system-err><![CDATA[]]></system-err>
</testsuite>
