<?xml version="1.0" encoding="UTF-8"?>
<testsuite name="domain.ATMTest" tests="1" skipped="0" failures="0" errors="0" timestamp="2022-01-22T15:27:50" hostname="Yeongins-MacBook-Air.local" time="0.046">
  <properties/>
  <testcase name="isCardIn()" classname="domain.ATMTest" time="0.046"/>
  <system-out><![CDATA[]]></system-out>
  <system-err><![CDATA[]]></system-err>
</testsuite>
